This file contains any messages produced by compilers while
running configure, to aid debugging if configure makes a mistake.

It was created by libdatrie configure 0.2.8, which was
generated by GNU Autoconf 2.69.  Invocation command line was

  $ ./configure --prefix=/home/solon/MoTeX/libdatrie-0.2.8/libdatrie

## --------- ##
## Platform. ##
## --------- ##

hostname = euclid
uname -m = x86_64
uname -r = 3.13.0-30-generic
uname -s = Linux
uname -v = #55-Ubuntu SMP Fri Jul 4 21:40:53 UTC 2014

/usr/bin/uname -p = unknown
/bin/uname -X     = unknown

/bin/arch              = unknown
/usr/bin/arch -k       = unknown
/usr/convex/getsysinfo = unknown
/usr/bin/hostinfo      = unknown
/bin/machine           = unknown
/usr/bin/oslevel       = unknown
/bin/universe          = unknown

PATH: /usr/local/sbin
PATH: /usr/local/bin
PATH: /usr/sbin
PATH: /usr/bin
PATH: /sbin
PATH: /bin
PATH: /usr/games
PATH: /usr/local/games


## ----------- ##
## Core tests. ##
## ----------- ##

configure:2325: checking for a BSD-compatible install
configure:2393: result: /usr/bin/install -c
configure:2404: checking whether build environment is sane
configure:2459: result: yes
configure:2610: checking for a thread-safe mkdir -p
configure:2649: result: /bin/mkdir -p
configure:2656: checking for gawk
configure:2686: result: no
configure:2656: checking for mawk
configure:2672: found /usr/bin/mawk
configure:2683: result: mawk
configure:2694: checking whether make sets $(MAKE)
configure:2716: result: yes
configure:2745: checking whether make supports nested variables
configure:2762: result: yes
configure:2950: checking for gcc
configure:2966: found /usr/bin/gcc
configure:2977: result: gcc
configure:3206: checking for C compiler version
configure:3215: gcc --version >&5
gcc (Ubuntu 4.8.2-19ubuntu1) 4.8.2
Copyright (C) 2013 Free Software Foundation, Inc.
This is free software; see the source for copying conditions.  There is NO
warranty; not even for MERCHANTABILITY or FITNESS FOR A PARTICULAR PURPOSE.

configure:3226: $? = 0
configure:3215: gcc -v >&5
Using built-in specs.
COLLECT_GCC=gcc
COLLECT_LTO_WRAPPER=/usr/lib/gcc/x86_64-linux-gnu/4.8/lto-wrapper
Target: x86_64-linux-gnu
Configured with: ../src/configure -v --with-pkgversion='Ubuntu 4.8.2-19ubuntu1' --with-bugurl=file:///usr/share/doc/gcc-4.8/README.Bugs --enable-languages=c,c++,java,go,d,fortran,objc,obj-c++ --prefix=/usr --program-suffix=-4.8 --enable-shared --enable-linker-build-id --libexecdir=/usr/lib --without-included-gettext --enable-threads=posix --with-gxx-include-dir=/usr/include/c++/4.8 --libdir=/usr/lib --enable-nls --with-sysroot=/ --enable-clocale=gnu --enable-libstdcxx-debug --enable-libstdcxx-time=yes --enable-gnu-unique-object --disable-libmudflap --enable-plugin --with-system-zlib --disable-browser-plugin --enable-java-awt=gtk --enable-gtk-cairo --with-java-home=/usr/lib/jvm/java-1.5.0-gcj-4.8-amd64/jre --enable-java-home --with-jvm-root-dir=/usr/lib/jvm/java-1.5.0-gcj-4.8-amd64 --with-jvm-jar-dir=/usr/lib/jvm-exports/java-1.5.0-gcj-4.8-amd64 --with-arch-directory=amd64 --with-ecj-jar=/usr/share/java/eclipse-ecj.jar --enable-objc-gc --enable-multiarch --disable-werror --with-arch-32=i686 --with-abi=m64 --with-multilib-list=m32,m64,mx32 --with-tune=generic --enable-checking=release --build=x86_64-linux-gnu --host=x86_64-linux-gnu --target=x86_64-linux-gnu
Thread model: posix
gcc version 4.8.2 (Ubuntu 4.8.2-19ubuntu1) 
configure:3226: $? = 0
configure:3215: gcc -V >&5
gcc: error: unrecognized command line option '-V'
gcc: fatal error: no input files
compilation terminated.
configure:3226: $? = 4
configure:3215: gcc -qversion >&5
gcc: error: unrecognized command line option '-qversion'
gcc: fatal error: no input files
compilation terminated.
configure:3226: $? = 4
configure:3246: checking whether the C compiler works
configure:3268: gcc    conftest.c  >&5
configure:3272: $? = 0
configure:3320: result: yes
configure:3323: checking for C compiler default output file name
configure:3325: result: a.out
configure:3331: checking for suffix of executables
configure:3338: gcc -o conftest    conftest.c  >&5
configure:3342: $? = 0
configure:3364: result: 
configure:3386: checking whether we are cross compiling
configure:3394: gcc -o conftest    conftest.c  >&5
configure:3398: $? = 0
configure:3405: ./conftest
configure:3409: $? = 0
configure:3424: result: no
configure:3429: checking for suffix of object files
configure:3451: gcc -c   conftest.c >&5
configure:3455: $? = 0
configure:3476: result: o
configure:3480: checking whether we are using the GNU C compiler
configure:3499: gcc -c   conftest.c >&5
configure:3499: $? = 0
configure:3508: result: yes
configure:3517: checking whether gcc accepts -g
configure:3537: gcc -c -g  conftest.c >&5
configure:3537: $? = 0
configure:3578: result: yes
configure:3595: checking for gcc option to accept ISO C89
configure:3658: gcc  -c -g -O2  conftest.c >&5
configure:3658: $? = 0
configure:3671: result: none needed
configure:3696: checking whether gcc understands -c and -o together
configure:3718: gcc -c conftest.c -o conftest2.o
configure:3721: $? = 0
configure:3718: gcc -c conftest.c -o conftest2.o
configure:3721: $? = 0
configure:3733: result: yes
configure:3761: checking for style of include used by make
configure:3789: result: GNU
configure:3815: checking dependency style of gcc
configure:3926: result: gcc3
configure:3942: checking whether make sets $(MAKE)
configure:3964: result: yes
configure:3977: checking build system type
configure:3991: result: x86_64-unknown-linux-gnu
configure:4011: checking host system type
configure:4024: result: x86_64-unknown-linux-gnu
configure:4393: checking how to print strings
configure:4420: result: printf
configure:4441: checking for a sed that does not truncate output
configure:4505: result: /bin/sed
configure:4523: checking for grep that handles long lines and -e
configure:4581: result: /bin/grep
configure:4586: checking for egrep
configure:4648: result: /bin/grep -E
configure:4653: checking for fgrep
configure:4715: result: /bin/grep -F
configure:4750: checking for ld used by gcc
configure:4817: result: /usr/bin/ld
configure:4824: checking if the linker (/usr/bin/ld) is GNU ld
configure:4839: result: yes
configure:4851: checking for BSD- or MS-compatible name lister (nm)
configure:4900: result: /usr/bin/nm -B
configure:5030: checking the name lister (/usr/bin/nm -B) interface
configure:5037: gcc -c -g -O2  conftest.c >&5
configure:5040: /usr/bin/nm -B "conftest.o"
configure:5043: output
0000000000000000 B some_variable
configure:5050: result: BSD nm
configure:5053: checking whether ln -s works
configure:5057: result: yes
configure:5065: checking the maximum length of command line arguments
configure:5196: result: 1572864
configure:5213: checking whether the shell understands some XSI constructs
configure:5223: result: yes
configure:5227: checking whether the shell understands "+="
configure:5233: result: yes
configure:5268: checking how to convert x86_64-unknown-linux-gnu file names to x86_64-unknown-linux-gnu format
configure:5308: result: func_convert_file_noop
configure:5315: checking how to convert x86_64-unknown-linux-gnu file names to toolchain format
configure:5335: result: func_convert_file_noop
configure:5342: checking for /usr/bin/ld option to reload object files
configure:5349: result: -r
configure:5423: checking for objdump
configure:5450: result: objdump
configure:5479: checking how to recognize dependent libraries
configure:5677: result: pass_all
configure:5762: checking for dlltool
configure:5789: result: dlltool
configure:5819: checking how to associate runtime and link libraries
configure:5846: result: printf %s\n
configure:5907: checking for ar
configure:5923: found /usr/bin/ar
configure:5934: result: ar
configure:5971: checking for archiver @FILE support
configure:5988: gcc -c -g -O2  conftest.c >&5
configure:5988: $? = 0
configure:5991: ar cru libconftest.a @conftest.lst >&5
configure:5994: $? = 0
configure:5999: ar cru libconftest.a @conftest.lst >&5
ar: conftest.o: No such file or directory
configure:6002: $? = 1
configure:6014: result: @
configure:6072: checking for strip
configure:6088: found /usr/bin/strip
configure:6099: result: strip
configure:6171: checking for ranlib
configure:6187: found /usr/bin/ranlib
configure:6198: result: ranlib
configure:6300: checking command to parse /usr/bin/nm -B output from gcc object
configure:6420: gcc -c -g -O2  conftest.c >&5
configure:6423: $? = 0
configure:6427: /usr/bin/nm -B conftest.o \| sed -n -e 's/^.*[ ]\([ABCDGIRSTW][ABCDGIRSTW]*\)[ ][ ]*\([_A-Za-z][_A-Za-z0-9]*\)$/\1 \2 \2/p' | sed '/ __gnu_lto/d' \> conftest.nm
configure:6430: $? = 0
configure:6496: gcc -o conftest -g -O2   conftest.c conftstm.o >&5
configure:6499: $? = 0
configure:6537: result: ok
configure:6574: checking for sysroot
configure:6604: result: no
configure:6681: gcc -c -g -O2  conftest.c >&5
configure:6684: $? = 0
configure:6873: checking for mt
configure:6889: found /bin/mt
configure:6900: result: mt
configure:6923: checking if mt is a manifest tool
configure:6929: mt '-?'
configure:6937: result: no
configure:7579: checking how to run the C preprocessor
configure:7610: gcc -E  conftest.c
configure:7610: $? = 0
configure:7624: gcc -E  conftest.c
conftest.c:11:28: fatal error: ac_nonexistent.h: No such file or directory
 #include <ac_nonexistent.h>
                            ^
compilation terminated.
configure:7624: $? = 1
configure: failed program was:
| /* confdefs.h */
| #define PACKAGE_NAME "libdatrie"
| #define PACKAGE_TARNAME "libdatrie"
| #define PACKAGE_VERSION "0.2.8"
| #define PACKAGE_STRING "libdatrie 0.2.8"
| #define PACKAGE_BUGREPORT "thep@linux.thai.net"
| #define PACKAGE_URL ""
| #define PACKAGE "libdatrie"
| #define VERSION "0.2.8"
| /* end confdefs.h.  */
| #include <ac_nonexistent.h>
configure:7649: result: gcc -E
configure:7669: gcc -E  conftest.c
configure:7669: $? = 0
configure:7683: gcc -E  conftest.c
conftest.c:11:28: fatal error: ac_nonexistent.h: No such file or directory
 #include <ac_nonexistent.h>
                            ^
compilation terminated.
configure:7683: $? = 1
configure: failed program was:
| /* confdefs.h */
| #define PACKAGE_NAME "libdatrie"
| #define PACKAGE_TARNAME "libdatrie"
| #define PACKAGE_VERSION "0.2.8"
| #define PACKAGE_STRING "libdatrie 0.2.8"
| #define PACKAGE_BUGREPORT "thep@linux.thai.net"
| #define PACKAGE_URL ""
| #define PACKAGE "libdatrie"
| #define VERSION "0.2.8"
| /* end confdefs.h.  */
| #include <ac_nonexistent.h>
configure:7712: checking for ANSI C header files
configure:7732: gcc -c -g -O2  conftest.c >&5
configure:7732: $? = 0
configure:7805: gcc -o conftest -g -O2   conftest.c  >&5
configure:7805: $? = 0
configure:7805: ./conftest
configure:7805: $? = 0
configure:7816: result: yes
configure:7829: checking for sys/types.h
configure:7829: gcc -c -g -O2  conftest.c >&5
configure:7829: $? = 0
configure:7829: result: yes
configure:7829: checking for sys/stat.h
configure:7829: gcc -c -g -O2  conftest.c >&5
configure:7829: $? = 0
configure:7829: result: yes
configure:7829: checking for stdlib.h
configure:7829: gcc -c -g -O2  conftest.c >&5
configure:7829: $? = 0
configure:7829: result: yes
configure:7829: checking for string.h
configure:7829: gcc -c -g -O2  conftest.c >&5
configure:7829: $? = 0
configure:7829: result: yes
configure:7829: checking for memory.h
configure:7829: gcc -c -g -O2  conftest.c >&5
configure:7829: $? = 0
configure:7829: result: yes
configure:7829: checking for strings.h
configure:7829: gcc -c -g -O2  conftest.c >&5
configure:7829: $? = 0
configure:7829: result: yes
configure:7829: checking for inttypes.h
configure:7829: gcc -c -g -O2  conftest.c >&5
configure:7829: $? = 0
configure:7829: result: yes
configure:7829: checking for stdint.h
configure:7829: gcc -c -g -O2  conftest.c >&5
configure:7829: $? = 0
configure:7829: result: yes
configure:7829: checking for unistd.h
configure:7829: gcc -c -g -O2  conftest.c >&5
configure:7829: $? = 0
configure:7829: result: yes
configure:7843: checking for dlfcn.h
configure:7843: gcc -c -g -O2  conftest.c >&5
configure:7843: $? = 0
configure:7843: result: yes
configure:8047: checking for objdir
configure:8062: result: .libs
configure:8333: checking if gcc supports -fno-rtti -fno-exceptions
configure:8351: gcc -c -g -O2  -fno-rtti -fno-exceptions conftest.c >&5
cc1: warning: command line option '-fno-rtti' is valid for C++/ObjC++ but not for C [enabled by default]
configure:8355: $? = 0
configure:8368: result: no
configure:8695: checking for gcc option to produce PIC
configure:8702: result: -fPIC -DPIC
configure:8710: checking if gcc PIC flag -fPIC -DPIC works
configure:8728: gcc -c -g -O2  -fPIC -DPIC -DPIC conftest.c >&5
configure:8732: $? = 0
configure:8745: result: yes
configure:8774: checking if gcc static flag -static works
configure:8802: result: yes
configure:8817: checking if gcc supports -c -o file.o
configure:8838: gcc -c -g -O2  -o out/conftest2.o conftest.c >&5
configure:8842: $? = 0
configure:8864: result: yes
configure:8872: checking if gcc supports -c -o file.o
configure:8919: result: yes
configure:8952: checking whether the gcc linker (/usr/bin/ld -m elf_x86_64) supports shared libraries
configure:10109: result: yes
configure:10146: checking whether -lc should be explicitly linked in
configure:10154: gcc -c -g -O2  conftest.c >&5
configure:10157: $? = 0
configure:10172: gcc -shared  -fPIC -DPIC conftest.o  -v -Wl,-soname -Wl,conftest -o conftest 2\>\&1 \| /bin/grep  -lc  \>/dev/null 2\>\&1
configure:10175: $? = 0
configure:10189: result: no
configure:10349: checking dynamic linker characteristics
configure:10849: gcc -o conftest -g -O2   -Wl,-rpath -Wl,/foo conftest.c  >&5
configure:10849: $? = 0
configure:11083: result: GNU/Linux ld.so
configure:11190: checking how to hardcode library paths into programs
configure:11215: result: immediate
configure:11755: checking whether stripping libraries is possible
configure:11760: result: yes
configure:11795: checking if libtool supports shared libraries
configure:11797: result: yes
configure:11800: checking whether to build shared libraries
configure:11821: result: yes
configure:11824: checking whether to build static libraries
configure:11828: result: yes
configure:11868: checking whether linker supports -version-script
configure:11896: result: yes
configure:11922: checking for iconv_open
configure:11922: gcc -o conftest -g -O2   conftest.c  >&5
configure:11922: $? = 0
configure:11922: result: yes
configure:12027: checking for locale_charset in -liconv
configure:12052: gcc -o conftest -g -O2   conftest.c -liconv   >&5
/usr/bin/ld: cannot find -liconv
collect2: error: ld returned 1 exit status
configure:12052: $? = 1
configure: failed program was:
| /* confdefs.h */
| #define PACKAGE_NAME "libdatrie"
| #define PACKAGE_TARNAME "libdatrie"
| #define PACKAGE_VERSION "0.2.8"
| #define PACKAGE_STRING "libdatrie 0.2.8"
| #define PACKAGE_BUGREPORT "thep@linux.thai.net"
| #define PACKAGE_URL ""
| #define PACKAGE "libdatrie"
| #define VERSION "0.2.8"
| #define STDC_HEADERS 1
| #define HAVE_SYS_TYPES_H 1
| #define HAVE_SYS_STAT_H 1
| #define HAVE_STDLIB_H 1
| #define HAVE_STRING_H 1
| #define HAVE_MEMORY_H 1
| #define HAVE_STRINGS_H 1
| #define HAVE_INTTYPES_H 1
| #define HAVE_STDINT_H 1
| #define HAVE_UNISTD_H 1
| #define HAVE_DLFCN_H 1
| #define LT_OBJDIR ".libs/"
| /* end confdefs.h.  */
| 
| /* Override any GCC internal prototype to avoid an error.
|    Use char because int might match the return type of a GCC
|    builtin and then its argument prototype would still apply.  */
| #ifdef __cplusplus
| extern "C"
| #endif
| char locale_charset ();
| int
| main ()
| {
| return locale_charset ();
|   ;
|   return 0;
| }
configure:12061: result: no
configure:12074: checking for nl_langinfo (CODESET)
configure:12090: gcc -c -g -O2  conftest.c >&5
configure:12090: $? = 0
configure:12098: result: yes
configure:12113: checking for ANSI C header files
configure:12217: result: yes
configure:12228: checking limits.h usability
configure:12228: gcc -c -g -O2  conftest.c >&5
configure:12228: $? = 0
configure:12228: result: yes
configure:12228: checking limits.h presence
configure:12228: gcc -E  conftest.c
configure:12228: $? = 0
configure:12228: result: yes
configure:12228: checking for limits.h
configure:12228: result: yes
configure:12228: checking for stdlib.h
configure:12228: result: yes
configure:12228: checking stdio.h usability
configure:12228: gcc -c -g -O2  conftest.c >&5
configure:12228: $? = 0
configure:12228: result: yes
configure:12228: checking stdio.h presence
configure:12228: gcc -E  conftest.c
configure:12228: $? = 0
configure:12228: result: yes
configure:12228: checking for stdio.h
configure:12228: result: yes
configure:12228: checking for string.h
configure:12228: result: yes
configure:12240: checking for an ANSI C-conforming const
configure:12306: gcc -c -g -O2  conftest.c >&5
configure:12306: $? = 0
configure:12313: result: yes
configure:12321: checking for size_t
configure:12321: gcc -c -g -O2  conftest.c >&5
configure:12321: $? = 0
configure:12321: gcc -c -g -O2  conftest.c >&5
conftest.c: In function 'main':
conftest.c:65:21: error: expected expression before ')' token
 if (sizeof ((size_t)))
                     ^
configure:12321: $? = 1
configure: failed program was:
| /* confdefs.h */
| #define PACKAGE_NAME "libdatrie"
| #define PACKAGE_TARNAME "libdatrie"
| #define PACKAGE_VERSION "0.2.8"
| #define PACKAGE_STRING "libdatrie 0.2.8"
| #define PACKAGE_BUGREPORT "thep@linux.thai.net"
| #define PACKAGE_URL ""
| #define PACKAGE "libdatrie"
| #define VERSION "0.2.8"
| #define STDC_HEADERS 1
| #define HAVE_SYS_TYPES_H 1
| #define HAVE_SYS_STAT_H 1
| #define HAVE_STDLIB_H 1
| #define HAVE_STRING_H 1
| #define HAVE_MEMORY_H 1
| #define HAVE_STRINGS_H 1
| #define HAVE_INTTYPES_H 1
| #define HAVE_STDINT_H 1
| #define HAVE_UNISTD_H 1
| #define HAVE_DLFCN_H 1
| #define LT_OBJDIR ".libs/"
| #define HAVE_LANGINFO_CODESET 1
| #define STDC_HEADERS 1
| #define HAVE_LIMITS_H 1
| #define HAVE_STDLIB_H 1
| #define HAVE_STDIO_H 1
| #define HAVE_STRING_H 1
| /* end confdefs.h.  */
| #include <stdio.h>
| #ifdef HAVE_SYS_TYPES_H
| # include <sys/types.h>
| #endif
| #ifdef HAVE_SYS_STAT_H
| # include <sys/stat.h>
| #endif
| #ifdef STDC_HEADERS
| # include <stdlib.h>
| # include <stddef.h>
| #else
| # ifdef HAVE_STDLIB_H
| #  include <stdlib.h>
| # endif
| #endif
| #ifdef HAVE_STRING_H
| # if !defined STDC_HEADERS && defined HAVE_MEMORY_H
| #  include <memory.h>
| # endif
| # include <string.h>
| #endif
| #ifdef HAVE_STRINGS_H
| # include <strings.h>
| #endif
| #ifdef HAVE_INTTYPES_H
| # include <inttypes.h>
| #endif
| #ifdef HAVE_STDINT_H
| # include <stdint.h>
| #endif
| #ifdef HAVE_UNISTD_H
| # include <unistd.h>
| #endif
| int
| main ()
| {
| if (sizeof ((size_t)))
| 	    return 0;
|   ;
|   return 0;
| }
configure:12321: result: yes
configure:12344: checking for doxygen
configure:12372: result: no
configure:12419: checking for stdlib.h
configure:12419: result: yes
configure:12429: checking for GNU libc compatible malloc
configure:12453: gcc -o conftest -g -O2   conftest.c  >&5
configure:12453: $? = 0
configure:12453: ./conftest
configure:12453: $? = 0
configure:12463: result: yes
configure:12596: checking that generated files are newer than configure
configure:12602: result: done
configure:12633: creating ./config.status

## ---------------------- ##
## Running config.status. ##
## ---------------------- ##

This file was extended by libdatrie config.status 0.2.8, which was
generated by GNU Autoconf 2.69.  Invocation command line was

  CONFIG_FILES    = 
  CONFIG_HEADERS  = 
  CONFIG_LINKS    = 
  CONFIG_COMMANDS = 
  $ ./config.status 

on euclid

config.status:1107: creating Makefile
config.status:1107: creating datrie-0.2.pc
config.status:1107: creating datrie/Makefile
config.status:1107: creating tools/Makefile
config.status:1107: creating man/Makefile
config.status:1107: creating doc/Makefile
config.status:1107: creating doc/Doxyfile
config.status:1107: creating tests/Makefile
config.status:1107: creating config.h
config.status:1288: config.h is unchanged
config.status:1336: executing depfiles commands
config.status:1336: executing libtool commands

## ---------------- ##
## Cache variables. ##
## ---------------- ##

ac_cv_build=x86_64-unknown-linux-gnu
ac_cv_c_compiler_gnu=yes
ac_cv_c_const=yes
ac_cv_env_CC_set=
ac_cv_env_CC_value=
ac_cv_env_CFLAGS_set=
ac_cv_env_CFLAGS_value=
ac_cv_env_CPPFLAGS_set=
ac_cv_env_CPPFLAGS_value=
ac_cv_env_CPP_set=
ac_cv_env_CPP_value=
ac_cv_env_LDFLAGS_set=
ac_cv_env_LDFLAGS_value=
ac_cv_env_LIBS_set=
ac_cv_env_LIBS_value=
ac_cv_env_build_alias_set=
ac_cv_env_build_alias_value=
ac_cv_env_host_alias_set=
ac_cv_env_host_alias_value=
ac_cv_env_target_alias_set=
ac_cv_env_target_alias_value=
ac_cv_func_iconv_open=yes
ac_cv_func_malloc_0_nonnull=yes
ac_cv_header_dlfcn_h=yes
ac_cv_header_inttypes_h=yes
ac_cv_header_limits_h=yes
ac_cv_header_memory_h=yes
ac_cv_header_stdc=yes
ac_cv_header_stdint_h=yes
ac_cv_header_stdio_h=yes
ac_cv_header_stdlib_h=yes
ac_cv_header_string_h=yes
ac_cv_header_strings_h=yes
ac_cv_header_sys_stat_h=yes
ac_cv_header_sys_types_h=yes
ac_cv_header_unistd_h=yes
ac_cv_host=x86_64-unknown-linux-gnu
ac_cv_lib_iconv_locale_charset=no
ac_cv_objext=o
ac_cv_path_EGREP='/bin/grep -E'
ac_cv_path_FGREP='/bin/grep -F'
ac_cv_path_GREP=/bin/grep
ac_cv_path_SED=/bin/sed
ac_cv_path_install='/usr/bin/install -c'
ac_cv_path_mkdir=/bin/mkdir
ac_cv_prog_AWK=mawk
ac_cv_prog_CPP='gcc -E'
ac_cv_prog_DOXYGEN=no
ac_cv_prog_ac_ct_AR=ar
ac_cv_prog_ac_ct_CC=gcc
ac_cv_prog_ac_ct_DLLTOOL=dlltool
ac_cv_prog_ac_ct_MANIFEST_TOOL=mt
ac_cv_prog_ac_ct_OBJDUMP=objdump
ac_cv_prog_ac_ct_RANLIB=ranlib
ac_cv_prog_ac_ct_STRIP=strip
ac_cv_prog_cc_c89=
ac_cv_prog_cc_g=yes
ac_cv_prog_make_make_set=yes
ac_cv_type_size_t=yes
am_cv_CC_dependencies_compiler_type=gcc3
am_cv_make_support_nested_variables=yes
am_cv_prog_cc_c_o=yes
datrie_cv_have_version_script=yes
datrie_cv_langinfo_codeset=yes
lt_cv_ar_at_file=@
lt_cv_archive_cmds_need_lc=no
lt_cv_deplibs_check_method=pass_all
lt_cv_file_magic_cmd='$MAGIC_CMD'
lt_cv_file_magic_test_file=
lt_cv_ld_reload_flag=-r
lt_cv_nm_interface='BSD nm'
lt_cv_objdir=.libs
lt_cv_path_LD=/usr/bin/ld
lt_cv_path_NM='/usr/bin/nm -B'
lt_cv_path_mainfest_tool=no
lt_cv_prog_compiler_c_o=yes
lt_cv_prog_compiler_pic='-fPIC -DPIC'
lt_cv_prog_compiler_pic_works=yes
lt_cv_prog_compiler_rtti_exceptions=no
lt_cv_prog_compiler_static_works=yes
lt_cv_prog_gnu_ld=yes
lt_cv_sharedlib_from_linklib_cmd='printf %s\n'
lt_cv_shlibpath_overrides_runpath=no
lt_cv_sys_global_symbol_pipe='sed -n -e '\''s/^.*[	 ]\([ABCDGIRSTW][ABCDGIRSTW]*\)[	 ][	 ]*\([_A-Za-z][_A-Za-z0-9]*\)$/\1 \2 \2/p'\'' | sed '\''/ __gnu_lto/d'\'''
lt_cv_sys_global_symbol_to_c_name_address='sed -n -e '\''s/^: \([^ ]*\)[ ]*$/  {\"\1\", (void *) 0},/p'\'' -e '\''s/^[ABCDGIRSTW]* \([^ ]*\) \([^ ]*\)$/  {"\2", (void *) \&\2},/p'\'''
lt_cv_sys_global_symbol_to_c_name_address_lib_prefix='sed -n -e '\''s/^: \([^ ]*\)[ ]*$/  {\"\1\", (void *) 0},/p'\'' -e '\''s/^[ABCDGIRSTW]* \([^ ]*\) \(lib[^ ]*\)$/  {"\2", (void *) \&\2},/p'\'' -e '\''s/^[ABCDGIRSTW]* \([^ ]*\) \([^ ]*\)$/  {"lib\2", (void *) \&\2},/p'\'''
lt_cv_sys_global_symbol_to_cdecl='sed -n -e '\''s/^T .* \(.*\)$/extern int \1();/p'\'' -e '\''s/^[ABCDGIRSTW]* .* \(.*\)$/extern char \1;/p'\'''
lt_cv_sys_max_cmd_len=1572864
lt_cv_to_host_file_cmd=func_convert_file_noop
lt_cv_to_tool_file_cmd=func_convert_file_noop

## ----------------- ##
## Output variables. ##
## ----------------- ##

ACLOCAL='${SHELL} /home/solon/MoTeX/libdatrie-0.2.8/missing aclocal-1.14'
AMDEPBACKSLASH='\'
AMDEP_FALSE='#'
AMDEP_TRUE=''
AMTAR='$${TAR-tar}'
AM_BACKSLASH='\'
AM_DEFAULT_V='$(AM_DEFAULT_VERBOSITY)'
AM_DEFAULT_VERBOSITY='1'
AM_V='$(V)'
AR='ar'
AS='as'
AUTOCONF='${SHELL} /home/solon/MoTeX/libdatrie-0.2.8/missing autoconf'
AUTOHEADER='${SHELL} /home/solon/MoTeX/libdatrie-0.2.8/missing autoheader'
AUTOMAKE='${SHELL} /home/solon/MoTeX/libdatrie-0.2.8/missing automake-1.14'
AWK='mawk'
CC='gcc'
CCDEPMODE='depmode=gcc3'
CFLAGS='-g -O2'
CPP='gcc -E'
CPPFLAGS=''
CYGPATH_W='echo'
DEFS='-DHAVE_CONFIG_H'
DEPDIR='.deps'
DLLTOOL='dlltool'
DOXYGEN='no'
DSYMUTIL=''
DUMPBIN=''
ECHO_C=''
ECHO_N='-n'
ECHO_T=''
EGREP='/bin/grep -E'
ENABLE_DOXYGEN_DOC_FALSE=''
ENABLE_DOXYGEN_DOC_TRUE='#'
EXEEXT=''
FGREP='/bin/grep -F'
GREP='/bin/grep'
ICONV_LIBS=''
INSTALL_DATA='${INSTALL} -m 644'
INSTALL_PROGRAM='${INSTALL}'
INSTALL_SCRIPT='${INSTALL}'
INSTALL_STRIP_PROGRAM='$(install_sh) -c -s'
LD='/usr/bin/ld -m elf_x86_64'
LDFLAGS=''
LD_HAS_VERSION_SCRIPT_FALSE='#'
LD_HAS_VERSION_SCRIPT_TRUE=''
LIBOBJS=''
LIBS=''
LIBTOOL='$(SHELL) $(top_builddir)/libtool'
LIPO=''
LN_S='ln -s'
LTLIBOBJS=''
LT_AGE='3'
LT_CURRENT='4'
LT_REVISION='1'
MAKEINFO='${SHELL} /home/solon/MoTeX/libdatrie-0.2.8/missing makeinfo'
MANIFEST_TOOL=':'
MKDIR_P='/bin/mkdir -p'
NM='/usr/bin/nm -B'
NMEDIT=''
OBJDUMP='objdump'
OBJEXT='o'
OTOOL64=''
OTOOL=''
PACKAGE='libdatrie'
PACKAGE_BUGREPORT='thep@linux.thai.net'
PACKAGE_NAME='libdatrie'
PACKAGE_STRING='libdatrie 0.2.8'
PACKAGE_TARNAME='libdatrie'
PACKAGE_URL=''
PACKAGE_VERSION='0.2.8'
PATH_SEPARATOR=':'
RANLIB='ranlib'
SED='/bin/sed'
SET_MAKE=''
SHELL='/bin/bash'
STRIP='strip'
VERSION='0.2.8'
ac_ct_AR='ar'
ac_ct_CC='gcc'
ac_ct_DUMPBIN=''
am__EXEEXT_FALSE=''
am__EXEEXT_TRUE='#'
am__fastdepCC_FALSE='#'
am__fastdepCC_TRUE=''
am__include='include'
am__isrc=''
am__leading_dot='.'
am__nodep='_no'
am__quote=''
am__tar='$${TAR-tar} chof - "$$tardir"'
am__untar='$${TAR-tar} xf -'
bindir='${exec_prefix}/bin'
build='x86_64-unknown-linux-gnu'
build_alias=''
build_cpu='x86_64'
build_os='linux-gnu'
build_vendor='unknown'
datadir='${datarootdir}'
datarootdir='${prefix}/share'
docdir='${datarootdir}/doc/${PACKAGE_TARNAME}'
dvidir='${docdir}'
exec_prefix='${prefix}'
host='x86_64-unknown-linux-gnu'
host_alias=''
host_cpu='x86_64'
host_os='linux-gnu'
host_vendor='unknown'
htmldir='${docdir}'
htmldocdir='${prefix}/share/doc/datrie/html'
includedir='${prefix}/include'
infodir='${datarootdir}/info'
install_sh='${SHELL} /home/solon/MoTeX/libdatrie-0.2.8/install-sh'
libdir='${exec_prefix}/lib'
libexecdir='${exec_prefix}/libexec'
localedir='${datarootdir}/locale'
localstatedir='${prefix}/var'
mandir='${datarootdir}/man'
mkdir_p='$(MKDIR_P)'
oldincludedir='/usr/include'
pdfdir='${docdir}'
prefix='/home/solon/MoTeX/libdatrie-0.2.8/libdatrie'
program_transform_name='s,x,x,'
psdir='${docdir}'
sbindir='${exec_prefix}/sbin'
sharedstatedir='${prefix}/com'
sysconfdir='${prefix}/etc'
target_alias=''

## ----------- ##
## confdefs.h. ##
## ----------- ##

/* confdefs.h */
#define PACKAGE_NAME "libdatrie"
#define PACKAGE_TARNAME "libdatrie"
#define PACKAGE_VERSION "0.2.8"
#define PACKAGE_STRING "libdatrie 0.2.8"
#define PACKAGE_BUGREPORT "thep@linux.thai.net"
#define PACKAGE_URL ""
#define PACKAGE "libdatrie"
#define VERSION "0.2.8"
#define STDC_HEADERS 1
#define HAVE_SYS_TYPES_H 1
#define HAVE_SYS_STAT_H 1
#define HAVE_STDLIB_H 1
#define HAVE_STRING_H 1
#define HAVE_MEMORY_H 1
#define HAVE_STRINGS_H 1
#define HAVE_INTTYPES_H 1
#define HAVE_STDINT_H 1
#define HAVE_UNISTD_H 1
#define HAVE_DLFCN_H 1
#define LT_OBJDIR ".libs/"
#define HAVE_LANGINFO_CODESET 1
#define STDC_HEADERS 1
#define HAVE_LIMITS_H 1
#define HAVE_STDLIB_H 1
#define HAVE_STDIO_H 1
#define HAVE_STRING_H 1
#define HAVE_STDLIB_H 1
#define HAVE_MALLOC 1

configure: exit 0
